Build started 13/04/2015 17:39:17.
     1>Project "C:\dev\Robotics\src\Robotics_T1\Robotics_T1\Robotics_T1.vcxproj" on node 2 (Build target(s)).
     1>ClCompile:
         C:\Program Files (x86)\Microsoft Visual Studio 12.0\VC\bin\CL.exe /c /AI"C:\Program Files (x86)\Reference Assemblies\Microsoft\Framework\.NETFramework\v4.0" /AI"C:\Program Files (x86)\Windows Kits\8.1\References\CommonConfiguration\Neutral" /Zi /clr /nologo /W3 /WX- /Od /Oy- /D WIN32 /D _DEBUG /D _CONSOLE /D _LIB /D _UNICODE /D UNICODE /EHa /MDd /GS /fp:precise /Zc:wchar_t /Zc:forScope /Fo"Debug\\" /Fd"Debug\vc120.pdb" /TP /FU"C:\Program Files (x86)\Reference Assemblies\Microsoft\Framework\.NETFramework\v4.0\mscorlib.dll" /FU"C:\Program Files (x86)\Reference Assemblies\Microsoft\Framework\.NETFramework\v4.0\System.Data.dll" /FU"C:\Program Files (x86)\Reference Assemblies\Microsoft\Framework\.NETFramework\v4.0\System.dll" /FU"C:\Program Files (x86)\Reference Assemblies\Microsoft\Framework\.NETFramework\v4.0\System.Drawing.dll" /FU"C:\Program Files (x86)\Reference Assemblies\Microsoft\Framework\.NETFramework\v4.0\System.Windows.Forms.dll" /FU"C:\Program Files (x86)\Reference Assemblies\Microsoft\Framework\.NETFramework\v4.0\System.Xml.dll" /analyze- /errorReport:prompt /clr:nostdlib Main32.cpp
         Main32.cpp
     1>Main32.cpp(406): warning C4244: '=' : conversion from 'double' to 'float', possible loss of data
     1>Main32.cpp(407): warning C4244: '=' : conversion from 'double' to 'float', possible loss of data
     1>Main32.cpp(410): warning C4305: '=' : truncation from 'double' to 'float'
     1>c:\dev\robotics\src\robotics_t1\robotics_t1\main32.cpp(418): warning C4700: uninitialized local variable 'pitch_rad' used
     1>c:\dev\robotics\src\robotics_t1\robotics_t1\main32.cpp(437): warning C4700: uninitialized local variable 'roll_rad' used
       Link:
         C:\Program Files (x86)\Microsoft Visual Studio 12.0\VC\bin\link.exe /ERRORREPORT:PROMPT /OUT:"C:\dev\Robotics\src\Robotics_T1\Debug\Robotics_T1.exe" /INCREMENTAL /NOLOGO wsock32.lib kernel32.lib user32.lib gdi32.lib winspool.lib comdlg32.lib advapi32.lib shell32.lib ole32.lib oleaut32.lib uuid.lib odbc32.lib odbccp32.lib /ASSEMBLYRESOURCE:Debug\Robotics_T1.RoboticForm.resources /MANIFEST /MANIFESTUAC:"level='asInvoker' uiAccess='false'" /manifest:embed /DEBUG /PDB:"C:\dev\Robotics\src\Robotics_T1\Debug\Robotics_T1.pdb" /ASSEMBLYDEBUG /SUBSYSTEM:WINDOWS /TLBID:1 /ENTRY:"main" /DYNAMICBASE /FIXED:NO /NXCOMPAT /MACHINE:X86 Debug\Main32.obj
         Debug\RoboticForm.obj
         Debug\serial32.obj
         Debug\stdafx.obj
         "Debug\.NETFramework,Version=v4.0.AssemblyAttributes.obj"
         Robotics_T1.vcxproj -> C:\dev\Robotics\src\Robotics_T1\Debug\Robotics_T1.exe
     1>Done Building Project "C:\dev\Robotics\src\Robotics_T1\Robotics_T1\Robotics_T1.vcxproj" (Build target(s)).

Build succeeded.

Time Elapsed 00:00:01.43
