c:\dev\robotics\src\robotics_t1\robotics_t1\debug\vc120.pdb
c:\dev\robotics\src\robotics_t1\robotics_t1\debug\stdafx.obj
c:\dev\robotics\src\robotics_t1\robotics_t1\debug\serial32.obj
c:\dev\robotics\src\robotics_t1\robotics_t1\debug\main32.obj
c:\dev\robotics\src\robotics_t1\robotics_t1\debug\.netframework,version=v4.0.assemblyattributes.obj
c:\dev\robotics\src\robotics_t1\robotics_t1\debug\roboticform.obj
c:\dev\robotics\src\robotics_t1\debug\robotics_t1.exe
c:\dev\robotics\src\robotics_t1\debug\robotics_t1.pdb
c:\dev\robotics\src\robotics_t1\robotics_t1\debug\robotics_t1.roboticform.resources
c:\dev\robotics\src\robotics_t1\robotics_t1\debug\robotics_t1.vcxproj.generateresource.cache
c:\dev\robotics\src\robotics_t1\robotics_t1\debug\robotics_t1.vcxprojresolveassemblyreference.cache
c:\dev\robotics\src\robotics_t1\robotics_t1\debug\robotics_t1.tlog\cl.command.1.tlog
c:\dev\robotics\src\robotics_t1\robotics_t1\debug\robotics_t1.tlog\cl.read.1.tlog
c:\dev\robotics\src\robotics_t1\robotics_t1\debug\robotics_t1.tlog\cl.write.1.tlog
c:\dev\robotics\src\robotics_t1\robotics_t1\debug\robotics_t1.tlog\link.command.1.tlog
c:\dev\robotics\src\robotics_t1\robotics_t1\debug\robotics_t1.tlog\link.read.1.tlog
c:\dev\robotics\src\robotics_t1\robotics_t1\debug\robotics_t1.tlog\link.write.1.tlog
c:\dev\robotics\src\robotics_t1\robotics_t1\debug\robotics_t1.tlog\metagen.read.1.tlog
c:\dev\robotics\src\robotics_t1\robotics_t1\debug\robotics_t1.tlog\metagen.write.1.tlog
c:\dev\robotics\src\robotics_t1\robotics_t1\debug\robotics_t1.tlog\robotics_t1.write.1u.tlog
c:\dev\robotics\src\robotics_t1\robotics_t1\debug\robotics_t1.tlog\tzres.dll.bi
